<?xml version="1.0" encoding="UTF-8"?>
<testsuite xmlns:xsi="http://www.w3.org/2001/XMLSchema-instance" xsi:noNamespaceSchemaLocation="https://maven.apache.org/surefire/maven-surefire-plugin/xsd/surefire-test-report-3.0.xsd" version="3.0" name="domain.obj.SongListTest" time="0.097" tests="10" errors="0" skipped="0" failures="0">
  <properties>
[...]
</properties>
  <testcase name="filterStarでminのみマイナス1ならmaxフィルターが機能する" classname="domain.obj.SongListTest" time="0.012"/>
  <testcase name="addで追加したSongをremoveAllで空になる" classname="domain.obj.SongListTest" time="0.002"/>
  <testcase name="addAllで追加した内容とaddで追加した内容が等価" classname="domain.obj.SongListTest" time="0.004"/>
  <testcase name="filterPPでmaxのみマイナス1ならminフィルターが機能する" classname="domain.obj.SongListTest" time="0.002"/>
  <testcase name="追加したSongとゲッターから得たSongが等価" classname="domain.obj.SongListTest" time="0.006"/>
  <testcase name="filterStarでminとmaxがマイナス1ならフィルターしない" classname="domain.obj.SongListTest" time="0.001"/>
  <testcase name="filterStarでmaxのみマイナス1ならminフィルターが機能する" classname="domain.obj.SongListTest" time="0.001"/>
  <testcase name="filterPPでminとmaxの指定でフィルターできる" classname="domain.obj.SongListTest" time="0.001"/>
  <testcase name="filterPPでminとmaxがマイナス1ならフィルターしない" classname="domain.obj.SongListTest" time="0.001"/>
  <testcase name="filterPPでminのみマイナス1ならmaxフィルターが機能する" classname="domain.obj.SongListTest" time="0.001"/>
</testsuite>